ARGUMENT 'max_nodules_size' __ignored__

> library(tidyverse)
> library(data.table)
> library(knitr)
> library(ggpubr)
> library(moments)
> library(emmeans)
> library(multcomp)
> library(rcompanion)
> library(forecast)
> library(gamlss)
> library(pscl)
> library(MASS)
> library(glmmTMB)
> library(rstatix)
> library(bbmle)
> library(fitdistrplus)
> library(lmtest)
> library(betareg)
> library(sandwich)
> library(foreign)
> library(car)
> library(gplots)
> library(rcompanion)
> library(parallel)
> 
> args = commandArgs(trailingOnly=TRUE)
> 
> # detectCores()
> # 
> # parameters = c("max_use_intensity", "max_artifact_carry", "max_flake_size", 
> #                "max_nodules_size", "blank_prob", "scavenge_prob", "overlap", 
> #                "mu", "size_preference", "flake_preference", 
> #                "min_suitable_flake_size", "min_suitable_nodule_size", "strict_selection")
> 
> setwd("..")
> alldata = read_csv("output/joined_sensitivity-data.csv")
