-- Attaching packages --------------------------------------- tidyverse 1.3.1 --
v ggplot2 3.3.5     v purrr   0.3.4
v tibble  3.1.2     v dplyr   1.0.7
v tidyr   1.1.3     v stringr 1.4.0
v readr   1.4.0     v forcats 0.5.1
-- Conflicts ------------------------------------------ tidyverse_conflicts() --
x dplyr::filter() masks stats::filter()
x dplyr::lag()    masks stats::lag()

Attaching package: 'data.table'

The following objects are masked from 'package:dplyr':

    between, first, last

The following object is masked from 'package:purrr':

    transpose

Loading required package: mvtnorm
Loading required package: survival
Loading required package: TH.data
Loading required package: MASS

Attaching package: 'MASS'

The following object is masked from 'package:dplyr':

    select


Attaching package: 'TH.data'

The following object is masked from 'package:MASS':

    geyser

Registered S3 method overwritten by 'quantmod':
  method            from
  as.zoo.data.frame zoo 

Attaching package: 'forecast'

The following object is masked from 'package:rcompanion':

    accuracy

The following object is masked from 'package:ggpubr':

    gghistogram

Loading required package: splines
Loading required package: gamlss.data

Attaching package: 'gamlss.data'

The following object is masked from 'package:datasets':

    sleep

Loading required package: gamlss.dist
Loading required package: nlme

Attaching package: 'nlme'

The following object is masked from 'package:forecast':

    getResponse

The following object is masked from 'package:dplyr':

    collapse

Loading required package: parallel
 **********   GAMLSS Version 5.3-4  ********** 
For more on GAMLSS look at https://www.gamlss.com/
Type gamlssNews() to see new features/changes/bug fixes.


Attaching package: 'gamlss'

The following object is masked from 'package:forecast':

    CV

Classes and Methods for R developed in the
Political Science Computational Laboratory
Department of Political Science
Stanford University
Simon Jackman
hurdle and zeroinfl functions by Achim Zeileis

Attaching package: 'glmmTMB'

The following object is masked from 'package:gamlss':

    refit


Attaching package: 'rstatix'

The following object is masked from 'package:MASS':

    select

The following object is masked from 'package:stats':

    filter

Loading required package: stats4

Attaching package: 'bbmle'

The following object is masked from 'package:dplyr':

    slice

Loading required package: zoo

Attaching package: 'zoo'

The following objects are masked from 'package:base':

    as.Date, as.Date.numeric

Loading required package: carData

Attaching package: 'car'

The following object is masked from 'package:dplyr':

    recode

The following object is masked from 'package:purrr':

    some

Registered S3 method overwritten by 'gplots':
  method         from     
  reorder.factor DescTools

Attaching package: 'gplots'

The following object is masked from 'package:stats':

    lowess


-- Column specification --------------------------------------------------------
cols(
  .default = col_double(),
  size_preference = col_logical(),
  flake_preference = col_logical(),
  strict_selection = col_logical()
)
i Use `spec()` for the full column specifications.

Warning: 1658850 parsing failures.
 row                col expected             actual                                 file
3002 size               a double size               'output/joined_sensitivity-data.csv'
3002 start_year         a double start_year         'output/joined_sensitivity-data.csv'
3002 timestep           a double timestep           'output/joined_sensitivity-data.csv'
3002 max_use_intensity  a double max_use_intensity  'output/joined_sensitivity-data.csv'
3002 max_artifact_carry a double max_artifact_carry 'output/joined_sensitivity-data.csv'
.... .................. ........ .................. ....................................
See problems(...) for more details.

