-- Attaching packages --------------------------------------- tidyverse 1.3.1 --
v ggplot2 3.3.5     v purrr   0.3.4
v tibble  3.1.2     v dplyr   1.0.7
v tidyr   1.1.3     v stringr 1.4.0
v readr   1.4.0     v forcats 0.5.1
-- Conflicts ------------------------------------------ tidyverse_conflicts() --
x dplyr::filter() masks stats::filter()
x dplyr::lag()    masks stats::lag()
Loading required package: zoo

Attaching package: 'zoo'

The following objects are masked from 'package:base':

    as.Date, as.Date.numeric


-- Column specification --------------------------------------------------------
cols(
  .default = col_double(),
  size_preference = col_logical(),
  flake_preference = col_logical(),
  strict_selection = col_logical()
)
i Use `spec()` for the full column specifications.

Warning: 1658850 parsing failures.
 row                col expected             actual                                                                file
3002 size               a double size               '/scratch/ec3307/recycling-Java/output/joined_sensitivity-data.csv'
3002 start_year         a double start_year         '/scratch/ec3307/recycling-Java/output/joined_sensitivity-data.csv'
3002 timestep           a double timestep           '/scratch/ec3307/recycling-Java/output/joined_sensitivity-data.csv'
3002 max_use_intensity  a double max_use_intensity  '/scratch/ec3307/recycling-Java/output/joined_sensitivity-data.csv'
3002 max_artifact_carry a double max_artifact_carry '/scratch/ec3307/recycling-Java/output/joined_sensitivity-data.csv'
.... .................. ........ .................. ...................................................................
See problems(...) for more details.


z test of coefficients:

                            Estimate  Std. Error   z value  Pr(>|z|)    
(Intercept)              -1.5445e+00  7.4684e-04 -2068.010 < 2.2e-16 ***
model_year               -3.1223e-06  8.9895e-10 -3473.284 < 2.2e-16 ***
max_use_intensity         9.2413e-03  1.0314e-05   896.000 < 2.2e-16 ***
max_artifact_carry       -1.3278e-02  1.5470e-05  -858.309 < 2.2e-16 ***
max_flake_size            7.9579e-02  1.5466e-04   514.537 < 2.2e-16 ***
max_nodules_size         -2.3894e-03  1.5464e-05  -154.511 < 2.2e-16 ***
blank_prob               -4.4511e-01  3.7907e-04 -1174.196 < 2.2e-16 ***
scavenge_prob             6.0165e-01  3.7927e-04  1586.336 < 2.2e-16 ***
overlap                   6.3448e-01  1.0569e-04  6002.987 < 2.2e-16 ***
mu                       -5.2883e-02  9.4714e-05  -558.346 < 2.2e-16 ***
size_preferenceTRUE      -5.7170e-01  1.5587e-04 -3667.732 < 2.2e-16 ***
flake_preferenceTRUE      3.2212e-01  1.5503e-04  2077.828 < 2.2e-16 ***
min_suitable_flake_size  -1.5020e-01  1.5472e-04  -970.762 < 2.2e-16 ***
min_suitable_nodule_size  1.4339e-03  3.0927e-05    46.364 < 2.2e-16 ***
(phi)                     4.1755e+00  5.5951e-04  7462.775 < 2.2e-16 ***
---
Signif. codes:  0 '***' 0.001 '**' 0.01 '*' 0.05 '.' 0.1 ' ' 1

Likelihood ratio test

Model 1: s.total.RI ~ model_year + max_use_intensity + max_artifact_carry + 
    max_flake_size + max_nodules_size + blank_prob + scavenge_prob + 
    overlap + mu + size_preference + flake_preference + min_suitable_flake_size + 
    min_suitable_nodule_size
Model 2: s.total.RI ~ model_year + max_use_intensity + max_artifact_carry + 
    max_flake_size + max_nodules_size + blank_prob + scavenge_prob + 
    overlap + mu + size_preference + flake_preference + min_suitable_flake_size + 
    min_suitable_nodule_size + strict_selection
  #Df    LogLik Df    Chisq Pr(>Chisq)    
1  15 388871084                           
2  16 417584811  1 57427454  < 2.2e-16 ***
---
Signif. codes:  0 '***' 0.001 '**' 0.01 '*' 0.05 '.' 0.1 ' ' 1
