-- Attaching packages --------------------------------------- tidyverse 1.3.1 --
v ggplot2 3.3.5     v purrr   0.3.4
v tibble  3.1.2     v dplyr   1.0.7
v tidyr   1.1.3     v stringr 1.4.0
v readr   1.4.0     v forcats 0.5.1
-- Conflicts ------------------------------------------ tidyverse_conflicts() --
x dplyr::filter() masks stats::filter()
x dplyr::lag()    masks stats::lag()
Loading required package: zoo

Attaching package: 'zoo'

The following objects are masked from 'package:base':

    as.Date, as.Date.numeric


-- Column specification --------------------------------------------------------
cols(
  .default = col_double(),
  size_preference = col_logical(),
  flake_preference = col_logical(),
  strict_selection = col_logical()
)
i Use `spec()` for the full column specifications.

Warning: 1658850 parsing failures.
 row                col expected             actual                                                                file
3002 size               a double size               '/scratch/ec3307/recycling-Java/output/joined_sensitivity-data.csv'
3002 start_year         a double start_year         '/scratch/ec3307/recycling-Java/output/joined_sensitivity-data.csv'
3002 timestep           a double timestep           '/scratch/ec3307/recycling-Java/output/joined_sensitivity-data.csv'
3002 max_use_intensity  a double max_use_intensity  '/scratch/ec3307/recycling-Java/output/joined_sensitivity-data.csv'
3002 max_artifact_carry a double max_artifact_carry '/scratch/ec3307/recycling-Java/output/joined_sensitivity-data.csv'
.... .................. ........ .................. ...................................................................
See problems(...) for more details.


z test of coefficients:

                            Estimate  Std. Error   z value  Pr(>|z|)    
(Intercept)              -9.8572e-01  6.6236e-04 -1488.207 < 2.2e-16 ***
model_year               -3.5930e-06  8.4066e-10 -4274.044 < 2.2e-16 ***
max_use_intensity         1.0674e-02  9.6187e-06  1109.698 < 2.2e-16 ***
max_artifact_carry       -1.2546e-02  1.4424e-05  -869.792 < 2.2e-16 ***
max_nodules_size         -7.5108e-03  1.4420e-05  -520.858 < 2.2e-16 ***
blank_prob               -7.1476e-01  3.5392e-04 -2019.572 < 2.2e-16 ***
scavenge_prob             8.8965e-01  3.5430e-04  2510.982 < 2.2e-16 ***
overlap                   7.1048e-01  9.8226e-05  7233.137 < 2.2e-16 ***
mu                       -7.3940e-02  8.8325e-05  -837.140 < 2.2e-16 ***
size_preferenceTRUE      -3.3904e-01  1.4464e-04 -2344.064 < 2.2e-16 ***
flake_preferenceTRUE      3.9971e-01  1.4482e-04  2760.019 < 2.2e-16 ***
min_suitable_flake_size  -1.2184e-01  1.4424e-04  -844.737 < 2.2e-16 ***
min_suitable_nodule_size  2.7428e-03  2.8836e-05    95.119 < 2.2e-16 ***
strict_selectionTRUE     -1.2619e+00  1.5090e-04 -8362.734 < 2.2e-16 ***
(phi)                     6.3017e+00  8.3023e-04  7590.392 < 2.2e-16 ***
---
Signif. codes:  0 '***' 0.001 '**' 0.01 '*' 0.05 '.' 0.1 ' ' 1

Likelihood ratio test

Model 1: s.total.RI ~ model_year + max_use_intensity + max_artifact_carry + 
    max_nodules_size + blank_prob + scavenge_prob + overlap + 
    mu + size_preference + flake_preference + min_suitable_flake_size + 
    min_suitable_nodule_size + strict_selection
Model 2: s.total.RI ~ model_year + max_use_intensity + max_artifact_carry + 
    max_flake_size + max_nodules_size + blank_prob + scavenge_prob + 
    overlap + mu + size_preference + flake_preference + min_suitable_flake_size + 
    min_suitable_nodule_size + strict_selection
  #Df    LogLik Df  Chisq Pr(>Chisq)    
1  15 417359015                         
2  16 417584811  1 451591  < 2.2e-16 ***
---
Signif. codes:  0 '***' 0.001 '**' 0.01 '*' 0.05 '.' 0.1 ' ' 1
