-- Attaching packages --------------------------------------- tidyverse 1.3.1 --
v ggplot2 3.3.5     v purrr   0.3.4
v tibble  3.1.2     v dplyr   1.0.7
v tidyr   1.1.3     v stringr 1.4.0
v readr   1.4.0     v forcats 0.5.1
-- Conflicts ------------------------------------------ tidyverse_conflicts() --
x dplyr::filter() masks stats::filter()
x dplyr::lag()    masks stats::lag()
Loading required package: zoo

Attaching package: 'zoo'

The following objects are masked from 'package:base':

    as.Date, as.Date.numeric


-- Column specification --------------------------------------------------------
cols(
  .default = col_double(),
  size_preference = col_logical(),
  flake_preference = col_logical(),
  strict_selection = col_logical()
)
i Use `spec()` for the full column specifications.

Warning: 1658850 parsing failures.
 row                col expected             actual                                                                file
3002 size               a double size               '/scratch/ec3307/recycling-Java/output/joined_sensitivity-data.csv'
3002 start_year         a double start_year         '/scratch/ec3307/recycling-Java/output/joined_sensitivity-data.csv'
3002 timestep           a double timestep           '/scratch/ec3307/recycling-Java/output/joined_sensitivity-data.csv'
3002 max_use_intensity  a double max_use_intensity  '/scratch/ec3307/recycling-Java/output/joined_sensitivity-data.csv'
3002 max_artifact_carry a double max_artifact_carry '/scratch/ec3307/recycling-Java/output/joined_sensitivity-data.csv'
.... .................. ........ .................. ...................................................................
See problems(...) for more details.


z test of coefficients:

                            Estimate  Std. Error  z value  Pr(>|z|)    
(Intercept)              -5.3245e-01  7.3311e-04  -726.29 < 2.2e-16 ***
model_year               -3.4298e-06  8.9037e-10 -3852.08 < 2.2e-16 ***
max_use_intensity         7.8715e-03  1.0200e-05   771.72 < 2.2e-16 ***
max_artifact_carry       -8.1955e-03  1.5297e-05  -535.76 < 2.2e-16 ***
max_flake_size            8.8137e-02  1.5297e-04   576.16 < 2.2e-16 ***
max_nodules_size         -8.3498e-03  1.5297e-05  -545.84 < 2.2e-16 ***
blank_prob               -5.2892e-01  3.7505e-04 -1410.28 < 2.2e-16 ***
scavenge_prob             6.9780e-01  3.7531e-04  1859.27 < 2.2e-16 ***
mu                       -1.1559e-01  9.3736e-05 -1233.18 < 2.2e-16 ***
size_preferenceTRUE      -1.7439e-01  1.5306e-04 -1139.31 < 2.2e-16 ***
flake_preferenceTRUE      4.1855e-01  1.5362e-04  2724.49 < 2.2e-16 ***
min_suitable_flake_size  -8.8865e-02  1.5297e-04  -580.91 < 2.2e-16 ***
min_suitable_nodule_size  3.6867e-03  3.0589e-05   120.52 < 2.2e-16 ***
strict_selectionTRUE     -1.1387e+00  1.5808e-04 -7202.90 < 2.2e-16 ***
(phi)                     4.4748e+00  5.9528e-04  7517.26 < 2.2e-16 ***
---
Signif. codes:  0 '***' 0.001 '**' 0.01 '*' 0.05 '.' 0.1 ' ' 1

Likelihood ratio test

Model 1: s.total.RI ~ model_year + max_use_intensity + max_artifact_carry + 
    max_flake_size + max_nodules_size + blank_prob + scavenge_prob + 
    mu + size_preference + flake_preference + min_suitable_flake_size + 
    min_suitable_nodule_size + strict_selection
Model 2: s.total.RI ~ model_year + max_use_intensity + max_artifact_carry + 
    max_flake_size + max_nodules_size + blank_prob + scavenge_prob + 
    overlap + mu + size_preference + flake_preference + min_suitable_flake_size + 
    min_suitable_nodule_size + strict_selection
  #Df    LogLik Df    Chisq Pr(>Chisq)    
1  15 395026602                           
2  16 417584811  1 45116418  < 2.2e-16 ***
---
Signif. codes:  0 '***' 0.001 '**' 0.01 '*' 0.05 '.' 0.1 ' ' 1
