-- Attaching packages --------------------------------------- tidyverse 1.3.1 --
v ggplot2 3.3.5     v purrr   0.3.4
v tibble  3.1.2     v dplyr   1.0.7
v tidyr   1.1.3     v stringr 1.4.0
v readr   1.4.0     v forcats 0.5.1
-- Conflicts ------------------------------------------ tidyverse_conflicts() --
x dplyr::filter() masks stats::filter()
x dplyr::lag()    masks stats::lag()
Loading required package: zoo

Attaching package: 'zoo'

The following objects are masked from 'package:base':

    as.Date, as.Date.numeric


-- Column specification --------------------------------------------------------
cols(
  .default = col_double(),
  size_preference = col_logical(),
  flake_preference = col_logical(),
  strict_selection = col_logical()
)
i Use `spec()` for the full column specifications.

Warning: 1658850 parsing failures.
 row                col expected             actual                                                                file
3002 size               a double size               '/scratch/ec3307/recycling-Java/output/joined_sensitivity-data.csv'
3002 start_year         a double start_year         '/scratch/ec3307/recycling-Java/output/joined_sensitivity-data.csv'
3002 timestep           a double timestep           '/scratch/ec3307/recycling-Java/output/joined_sensitivity-data.csv'
3002 max_use_intensity  a double max_use_intensity  '/scratch/ec3307/recycling-Java/output/joined_sensitivity-data.csv'
3002 max_artifact_carry a double max_artifact_carry '/scratch/ec3307/recycling-Java/output/joined_sensitivity-data.csv'
.... .................. ........ .................. ...................................................................
See problems(...) for more details.


z test of coefficients:

                            Estimate  Std. Error   z value  Pr(>|z|)    
(Intercept)              -1.2500e+00  6.6320e-04 -1884.758 < 2.2e-16 ***
model_year               -3.5970e-06  8.4053e-10 -4279.483 < 2.2e-16 ***
max_use_intensity         1.0722e-02  9.6171e-06  1114.932 < 2.2e-16 ***
max_artifact_carry       -1.2619e-02  1.4422e-05  -874.982 < 2.2e-16 ***
max_flake_size            9.6995e-02  1.4419e-04   672.687 < 2.2e-16 ***
blank_prob               -7.1466e-01  3.5386e-04 -2019.635 < 2.2e-16 ***
scavenge_prob             8.8999e-01  3.5424e-04  2512.369 < 2.2e-16 ***
overlap                   7.1163e-01  9.8213e-05  7245.751 < 2.2e-16 ***
mu                       -7.3689e-02  8.8309e-05  -834.446 < 2.2e-16 ***
size_preferenceTRUE      -3.3805e-01  1.4461e-04 -2337.639 < 2.2e-16 ***
flake_preferenceTRUE      4.0225e-01  1.4480e-04  2777.854 < 2.2e-16 ***
min_suitable_flake_size  -1.2001e-01  1.4421e-04  -832.158 < 2.2e-16 ***
min_suitable_nodule_size  2.7295e-03  2.8831e-05    94.674 < 2.2e-16 ***
strict_selectionTRUE     -1.2592e+00  1.5084e-04 -8347.999 < 2.2e-16 ***
(phi)                     6.3071e+00  8.3086e-04  7591.057 < 2.2e-16 ***
---
Signif. codes:  0 '***' 0.001 '**' 0.01 '*' 0.05 '.' 0.1 ' ' 1

Likelihood ratio test

Model 1: s.total.RI ~ model_year + max_use_intensity + max_artifact_carry + 
    max_flake_size + blank_prob + scavenge_prob + overlap + mu + 
    size_preference + flake_preference + min_suitable_flake_size + 
    min_suitable_nodule_size + strict_selection
Model 2: s.total.RI ~ model_year + max_use_intensity + max_artifact_carry + 
    max_flake_size + max_nodules_size + blank_prob + scavenge_prob + 
    overlap + mu + size_preference + flake_preference + min_suitable_flake_size + 
    min_suitable_nodule_size + strict_selection
  #Df    LogLik Df  Chisq Pr(>Chisq)    
1  15 417449999                         
2  16 417584811  1 269624  < 2.2e-16 ***
---
Signif. codes:  0 '***' 0.001 '**' 0.01 '*' 0.05 '.' 0.1 ' ' 1
