-- Attaching packages --------------------------------------- tidyverse 1.3.1 --
v ggplot2 3.3.5     v purrr   0.3.4
v tibble  3.1.2     v dplyr   1.0.7
v tidyr   1.1.3     v stringr 1.4.0
v readr   1.4.0     v forcats 0.5.1
-- Conflicts ------------------------------------------ tidyverse_conflicts() --
x dplyr::filter() masks stats::filter()
x dplyr::lag()    masks stats::lag()
Loading required package: zoo

Attaching package: 'zoo'

The following objects are masked from 'package:base':

    as.Date, as.Date.numeric


-- Column specification --------------------------------------------------------
cols(
  .default = col_double(),
  size_preference = col_logical(),
  flake_preference = col_logical(),
  strict_selection = col_logical()
)
i Use `spec()` for the full column specifications.

Warning: 1658850 parsing failures.
 row                col expected             actual                                                                file
3002 size               a double size               '/scratch/ec3307/recycling-Java/output/joined_sensitivity-data.csv'
3002 start_year         a double start_year         '/scratch/ec3307/recycling-Java/output/joined_sensitivity-data.csv'
3002 timestep           a double timestep           '/scratch/ec3307/recycling-Java/output/joined_sensitivity-data.csv'
3002 max_use_intensity  a double max_use_intensity  '/scratch/ec3307/recycling-Java/output/joined_sensitivity-data.csv'
3002 max_artifact_carry a double max_artifact_carry '/scratch/ec3307/recycling-Java/output/joined_sensitivity-data.csv'
.... .................. ........ .................. ...................................................................
See problems(...) for more details.


z test of coefficients:

                            Estimate  Std. Error   z value  Pr(>|z|)    
(Intercept)              -1.3159e+00  6.6366e-04 -1982.859 < 2.2e-16 ***
model_year               -3.5818e-06  8.4075e-10 -4260.224 < 2.2e-16 ***
max_use_intensity         1.0665e-02  9.6202e-06  1108.582 < 2.2e-16 ***
max_artifact_carry       -1.2549e-02  1.4426e-05  -869.830 < 2.2e-16 ***
max_flake_size            9.9056e-02  1.4424e-04   686.745 < 2.2e-16 ***
max_nodules_size         -7.4869e-03  1.4422e-05  -519.116 < 2.2e-16 ***
blank_prob               -7.1138e-01  3.5397e-04 -2009.739 < 2.2e-16 ***
scavenge_prob             8.8925e-01  3.5436e-04  2509.468 < 2.2e-16 ***
overlap                   7.0823e-01  9.8231e-05  7209.781 < 2.2e-16 ***
mu                       -7.3526e-02  8.8339e-05  -832.321 < 2.2e-16 ***
size_preferenceTRUE      -3.3963e-01  1.4466e-04 -2347.706 < 2.2e-16 ***
flake_preferenceTRUE      3.9588e-01  1.4483e-04  2733.348 < 2.2e-16 ***
min_suitable_nodule_size  2.7074e-03  2.8840e-05    93.874 < 2.2e-16 ***
strict_selectionTRUE     -1.2685e+00  1.5099e-04 -8401.127 < 2.2e-16 ***
(phi)                     6.2967e+00  8.2968e-04  7589.318 < 2.2e-16 ***
---
Signif. codes:  0 '***' 0.001 '**' 0.01 '*' 0.05 '.' 0.1 ' ' 1

Likelihood ratio test

Model 1: s.total.RI ~ model_year + max_use_intensity + max_artifact_carry + 
    max_flake_size + max_nodules_size + blank_prob + scavenge_prob + 
    overlap + mu + size_preference + flake_preference + min_suitable_nodule_size + 
    strict_selection
Model 2: s.total.RI ~ model_year + max_use_intensity + max_artifact_carry + 
    max_flake_size + max_nodules_size + blank_prob + scavenge_prob + 
    overlap + mu + size_preference + flake_preference + min_suitable_flake_size + 
    min_suitable_nodule_size + strict_selection
  #Df    LogLik Df  Chisq Pr(>Chisq)    
1  15 417240235                         
2  16 417584811  1 689152  < 2.2e-16 ***
---
Signif. codes:  0 '***' 0.001 '**' 0.01 '*' 0.05 '.' 0.1 ' ' 1
