-- Attaching packages --------------------------------------- tidyverse 1.3.1 --
v ggplot2 3.3.5     v purrr   0.3.4
v tibble  3.1.2     v dplyr   1.0.7
v tidyr   1.1.3     v stringr 1.4.0
v readr   1.4.0     v forcats 0.5.1
-- Conflicts ------------------------------------------ tidyverse_conflicts() --
x dplyr::filter() masks stats::filter()
x dplyr::lag()    masks stats::lag()
Loading required package: zoo

Attaching package: 'zoo'

The following objects are masked from 'package:base':

    as.Date, as.Date.numeric


-- Column specification --------------------------------------------------------
cols(
  .default = col_double(),
  size_preference = col_logical(),
  flake_preference = col_logical(),
  strict_selection = col_logical()
)
i Use `spec()` for the full column specifications.

Warning: 1658850 parsing failures.
 row                col expected             actual                                                                file
3002 size               a double size               '/scratch/ec3307/recycling-Java/output/joined_sensitivity-data.csv'
3002 start_year         a double start_year         '/scratch/ec3307/recycling-Java/output/joined_sensitivity-data.csv'
3002 timestep           a double timestep           '/scratch/ec3307/recycling-Java/output/joined_sensitivity-data.csv'
3002 max_use_intensity  a double max_use_intensity  '/scratch/ec3307/recycling-Java/output/joined_sensitivity-data.csv'
3002 max_artifact_carry a double max_artifact_carry '/scratch/ec3307/recycling-Java/output/joined_sensitivity-data.csv'
.... .................. ........ .................. ...................................................................
See problems(...) for more details.


z test of coefficients:

                            Estimate  Std. Error  z value  Pr(>|z|)    
(Intercept)              -9.2193e-01  6.9920e-04 -1318.54 < 2.2e-16 ***
model_year               -3.5669e-06  8.4803e-10 -4206.11 < 2.2e-16 ***
max_use_intensity         9.9231e-03  9.7045e-06  1022.52 < 2.2e-16 ***
max_artifact_carry       -1.1637e-02  1.4553e-05  -799.58 < 2.2e-16 ***
max_flake_size            8.7834e-02  1.4551e-04   603.63 < 2.2e-16 ***
max_nodules_size         -7.6347e-03  1.4550e-05  -524.71 < 2.2e-16 ***
blank_prob               -7.3343e-01  3.5714e-04 -2053.62 < 2.2e-16 ***
scavenge_prob             8.6266e-01  3.5742e-04  2413.60 < 2.2e-16 ***
overlap                   7.1692e-01  9.9221e-05  7225.49 < 2.2e-16 ***
mu                       -7.9969e-02  8.9127e-05  -897.25 < 2.2e-16 ***
size_preferenceTRUE      -3.5586e-01  1.4599e-04 -2437.60 < 2.2e-16 ***
min_suitable_flake_size  -1.0028e-01  1.4552e-04  -689.11 < 2.2e-16 ***
min_suitable_nodule_size  3.0488e-03  2.9096e-05   104.78 < 2.2e-16 ***
strict_selectionTRUE     -1.2320e+00  1.5182e-04 -8114.47 < 2.2e-16 ***
(phi)                     6.0228e+00  7.9558e-04  7570.34 < 2.2e-16 ***
---
Signif. codes:  0 '***' 0.001 '**' 0.01 '*' 0.05 '.' 0.1 ' ' 1

Likelihood ratio test

Model 1: s.total.RI ~ model_year + max_use_intensity + max_artifact_carry + 
    max_flake_size + max_nodules_size + blank_prob + scavenge_prob + 
    overlap + mu + size_preference + min_suitable_flake_size + 
    min_suitable_nodule_size + strict_selection
Model 2: s.total.RI ~ model_year + max_use_intensity + max_artifact_carry + 
    max_flake_size + max_nodules_size + blank_prob + scavenge_prob + 
    overlap + mu + size_preference + flake_preference + min_suitable_flake_size + 
    min_suitable_nodule_size + strict_selection
  #Df    LogLik Df   Chisq Pr(>Chisq)    
1  15 413800275                          
2  16 417584811  1 7569072  < 2.2e-16 ***
---
Signif. codes:  0 '***' 0.001 '**' 0.01 '*' 0.05 '.' 0.1 ' ' 1
