-- Attaching packages --------------------------------------- tidyverse 1.3.1 --
v ggplot2 3.3.5     v purrr   0.3.4
v tibble  3.1.2     v dplyr   1.0.7
v tidyr   1.1.3     v stringr 1.4.0
v readr   1.4.0     v forcats 0.5.1
-- Conflicts ------------------------------------------ tidyverse_conflicts() --
x dplyr::filter() masks stats::filter()
x dplyr::lag()    masks stats::lag()
Loading required package: zoo

Attaching package: 'zoo'

The following objects are masked from 'package:base':

    as.Date, as.Date.numeric


-- Column specification --------------------------------------------------------
cols(
  .default = col_double(),
  size_preference = col_logical(),
  flake_preference = col_logical(),
  strict_selection = col_logical()
)
i Use `spec()` for the full column specifications.

Warning: 1658850 parsing failures.
 row                col expected             actual                                                                file
3002 size               a double size               '/scratch/ec3307/recycling-Java/output/joined_sensitivity-data.csv'
3002 start_year         a double start_year         '/scratch/ec3307/recycling-Java/output/joined_sensitivity-data.csv'
3002 timestep           a double timestep           '/scratch/ec3307/recycling-Java/output/joined_sensitivity-data.csv'
3002 max_use_intensity  a double max_use_intensity  '/scratch/ec3307/recycling-Java/output/joined_sensitivity-data.csv'
3002 max_artifact_carry a double max_artifact_carry '/scratch/ec3307/recycling-Java/output/joined_sensitivity-data.csv'
.... .................. ........ .................. ...................................................................
See problems(...) for more details.


z test of coefficients:

                            Estimate  Std. Error  z value  Pr(>|z|)    
(Intercept)              -1.2984e+00  6.9662e-04 -1863.84 < 2.2e-16 ***
model_year               -3.4486e-06  8.4307e-10 -4090.49 < 2.2e-16 ***
max_use_intensity         1.0330e-02  9.6529e-06  1070.17 < 2.2e-16 ***
max_artifact_carry       -1.2022e-02  1.4475e-05  -830.50 < 2.2e-16 ***
max_flake_size            1.0459e-01  1.4474e-04   722.62 < 2.2e-16 ***
max_nodules_size         -8.1378e-03  1.4472e-05  -562.30 < 2.2e-16 ***
blank_prob               -6.8497e-01  3.5513e-04 -1928.79 < 2.2e-16 ***
scavenge_prob             8.7587e-01  3.5554e-04  2463.52 < 2.2e-16 ***
overlap                   6.7237e-01  9.8424e-05  6831.39 < 2.2e-16 ***
mu                       -6.9761e-02  8.8639e-05  -787.02 < 2.2e-16 ***
flake_preferenceTRUE      4.1309e-01  1.4538e-04  2841.44 < 2.2e-16 ***
min_suitable_flake_size  -1.2743e-01  1.4476e-04  -880.26 < 2.2e-16 ***
min_suitable_nodule_size  3.2542e-03  2.8940e-05   112.45 < 2.2e-16 ***
strict_selectionTRUE     -1.3422e+00  1.5230e-04 -8812.53 < 2.2e-16 ***
(phi)                     6.1821e+00  8.1620e-04  7574.25 < 2.2e-16 ***
---
Signif. codes:  0 '***' 0.001 '**' 0.01 '*' 0.05 '.' 0.1 ' ' 1

Likelihood ratio test

Model 1: s.total.RI ~ model_year + max_use_intensity + max_artifact_carry + 
    max_flake_size + max_nodules_size + blank_prob + scavenge_prob + 
    overlap + mu + flake_preference + min_suitable_flake_size + 
    min_suitable_nodule_size + strict_selection
Model 2: s.total.RI ~ model_year + max_use_intensity + max_artifact_carry + 
    max_flake_size + max_nodules_size + blank_prob + scavenge_prob + 
    overlap + mu + size_preference + flake_preference + min_suitable_flake_size + 
    min_suitable_nodule_size + strict_selection
  #Df    LogLik Df   Chisq Pr(>Chisq)    
1  15 415165755                          
2  16 417584811  1 4838112  < 2.2e-16 ***
---
Signif. codes:  0 '***' 0.001 '**' 0.01 '*' 0.05 '.' 0.1 ' ' 1
