-- Attaching packages --------------------------------------- tidyverse 1.3.1 --
v ggplot2 3.3.5     v purrr   0.3.4
v tibble  3.1.2     v dplyr   1.0.7
v tidyr   1.1.3     v stringr 1.4.0
v readr   1.4.0     v forcats 0.5.1
-- Conflicts ------------------------------------------ tidyverse_conflicts() --
x dplyr::filter() masks stats::filter()
x dplyr::lag()    masks stats::lag()
Loading required package: zoo

Attaching package: 'zoo'

The following objects are masked from 'package:base':

    as.Date, as.Date.numeric


-- Column specification --------------------------------------------------------
cols(
  .default = col_double(),
  size_preference = col_logical(),
  flake_preference = col_logical(),
  strict_selection = col_logical()
)
i Use `spec()` for the full column specifications.

Warning: 1658850 parsing failures.
 row                col expected             actual                                                                file
3002 size               a double size               '/scratch/ec3307/recycling-Java/output/joined_sensitivity-data.csv'
3002 start_year         a double start_year         '/scratch/ec3307/recycling-Java/output/joined_sensitivity-data.csv'
3002 timestep           a double timestep           '/scratch/ec3307/recycling-Java/output/joined_sensitivity-data.csv'
3002 max_use_intensity  a double max_use_intensity  '/scratch/ec3307/recycling-Java/output/joined_sensitivity-data.csv'
3002 max_artifact_carry a double max_artifact_carry '/scratch/ec3307/recycling-Java/output/joined_sensitivity-data.csv'
.... .................. ........ .................. ...................................................................
See problems(...) for more details.


z test of coefficients:

                            Estimate  Std. Error   z value  Pr(>|z|)    
(Intercept)              -8.9798e-01  6.6313e-04 -1354.153 < 2.2e-16 ***
model_year               -3.5725e-06  8.4192e-10 -4243.206 < 2.2e-16 ***
max_artifact_carry       -1.2743e-02  1.4448e-05  -881.983 < 2.2e-16 ***
max_flake_size            9.5220e-02  1.4445e-04   659.195 < 2.2e-16 ***
max_nodules_size         -7.4301e-03  1.4443e-05  -514.432 < 2.2e-16 ***
blank_prob               -7.0502e-01  3.5447e-04 -1988.953 < 2.2e-16 ***
scavenge_prob             8.8535e-01  3.5486e-04  2494.889 < 2.2e-16 ***
overlap                   7.0619e-01  9.8377e-05  7178.373 < 2.2e-16 ***
mu                       -7.2351e-02  8.8467e-05  -817.839 < 2.2e-16 ***
size_preferenceTRUE      -3.3346e-01  1.4486e-04 -2301.973 < 2.2e-16 ***
flake_preferenceTRUE      3.9728e-01  1.4505e-04  2738.979 < 2.2e-16 ***
min_suitable_flake_size  -1.1860e-01  1.4447e-04  -820.958 < 2.2e-16 ***
min_suitable_nodule_size  2.7336e-03  2.8883e-05    94.645 < 2.2e-16 ***
strict_selectionTRUE     -1.2604e+00  1.5111e-04 -8341.008 < 2.2e-16 ***
(phi)                     6.2450e+00  8.2269e-04  7590.925 < 2.2e-16 ***
---
Signif. codes:  0 '***' 0.001 '**' 0.01 '*' 0.05 '.' 0.1 ' ' 1

Likelihood ratio test

Model 1: s.total.RI ~ model_year + max_artifact_carry + max_flake_size + 
    max_nodules_size + blank_prob + scavenge_prob + overlap + 
    mu + size_preference + flake_preference + min_suitable_flake_size + 
    min_suitable_nodule_size + strict_selection
Model 2: s.total.RI ~ model_year + max_use_intensity + max_artifact_carry + 
    max_flake_size + max_nodules_size + blank_prob + scavenge_prob + 
    overlap + mu + size_preference + flake_preference + min_suitable_flake_size + 
    min_suitable_nodule_size + strict_selection
  #Df    LogLik Df   Chisq Pr(>Chisq)    
1  15 416962387                          
2  16 417584811  1 1244848  < 2.2e-16 ***
---
Signif. codes:  0 '***' 0.001 '**' 0.01 '*' 0.05 '.' 0.1 ' ' 1
