-- Attaching packages --------------------------------------- tidyverse 1.3.1 --
v ggplot2 3.3.5     v purrr   0.3.4
v tibble  3.1.2     v dplyr   1.0.7
v tidyr   1.1.3     v stringr 1.4.0
v readr   1.4.0     v forcats 0.5.1
-- Conflicts ------------------------------------------ tidyverse_conflicts() --
x dplyr::filter() masks stats::filter()
x dplyr::lag()    masks stats::lag()
Loading required package: zoo

Attaching package: 'zoo'

The following objects are masked from 'package:base':

    as.Date, as.Date.numeric


-- Column specification --------------------------------------------------------
cols(
  .default = col_double(),
  size_preference = col_logical(),
  flake_preference = col_logical(),
  strict_selection = col_logical()
)
i Use `spec()` for the full column specifications.

Warning: 1658850 parsing failures.
 row                col expected             actual                                                                file
3002 size               a double size               '/scratch/ec3307/recycling-Java/output/joined_sensitivity-data.csv'
3002 start_year         a double start_year         '/scratch/ec3307/recycling-Java/output/joined_sensitivity-data.csv'
3002 timestep           a double timestep           '/scratch/ec3307/recycling-Java/output/joined_sensitivity-data.csv'
3002 max_use_intensity  a double max_use_intensity  '/scratch/ec3307/recycling-Java/output/joined_sensitivity-data.csv'
3002 max_artifact_carry a double max_artifact_carry '/scratch/ec3307/recycling-Java/output/joined_sensitivity-data.csv'
.... .................. ........ .................. ...................................................................
See problems(...) for more details.


z test of coefficients:

                            Estimate  Std. Error   z value  Pr(>|z|)    
(Intercept)              -7.0980e-01  6.8071e-04 -1042.733 < 2.2e-16 ***
model_year               -3.5081e-06  8.4956e-10 -4129.350 < 2.2e-16 ***
max_use_intensity         1.0357e-02  9.7252e-06  1064.956 < 2.2e-16 ***
max_artifact_carry       -1.2249e-02  1.4584e-05  -839.861 < 2.2e-16 ***
max_flake_size            9.3838e-02  1.4582e-04   643.532 < 2.2e-16 ***
max_nodules_size         -7.1234e-03  1.4580e-05  -488.567 < 2.2e-16 ***
blank_prob               -6.9293e-01  3.5780e-04 -1936.636 < 2.2e-16 ***
overlap                   6.9230e-01  9.9323e-05  6970.158 < 2.2e-16 ***
mu                       -7.2307e-02  8.9306e-05  -809.654 < 2.2e-16 ***
size_preferenceTRUE      -3.3065e-01  1.4622e-04 -2261.279 < 2.2e-16 ***
flake_preferenceTRUE      3.9356e-01  1.4640e-04  2688.172 < 2.2e-16 ***
min_suitable_flake_size  -1.1752e-01  1.4584e-04  -805.856 < 2.2e-16 ***
min_suitable_nodule_size  2.7214e-03  2.9157e-05    93.339 < 2.2e-16 ***
strict_selectionTRUE     -1.2178e+00  1.5200e-04 -8012.011 < 2.2e-16 ***
(phi)                     5.9296e+00  7.8110e-04  7591.261 < 2.2e-16 ***
---
Signif. codes:  0 '***' 0.001 '**' 0.01 '*' 0.05 '.' 0.1 ' ' 1

Likelihood ratio test

Model 1: s.total.RI ~ model_year + max_use_intensity + max_artifact_carry + 
    max_flake_size + max_nodules_size + blank_prob + overlap + 
    mu + size_preference + flake_preference + min_suitable_flake_size + 
    min_suitable_nodule_size + strict_selection
Model 2: s.total.RI ~ model_year + max_use_intensity + max_artifact_carry + 
    max_flake_size + max_nodules_size + blank_prob + scavenge_prob + 
    overlap + mu + size_preference + flake_preference + min_suitable_flake_size + 
    min_suitable_nodule_size + strict_selection
  #Df    LogLik Df   Chisq Pr(>Chisq)    
1  15 414489662                          
2  16 417584811  1 6190298  < 2.2e-16 ***
---
Signif. codes:  0 '***' 0.001 '**' 0.01 '*' 0.05 '.' 0.1 ' ' 1
