-- Attaching packages --------------------------------------- tidyverse 1.3.1 --
v ggplot2 3.3.5     v purrr   0.3.4
v tibble  3.1.2     v dplyr   1.0.7
v tidyr   1.1.3     v stringr 1.4.0
v readr   1.4.0     v forcats 0.5.1
-- Conflicts ------------------------------------------ tidyverse_conflicts() --
x dplyr::filter() masks stats::filter()
x dplyr::lag()    masks stats::lag()
Loading required package: zoo

Attaching package: 'zoo'

The following objects are masked from 'package:base':

    as.Date, as.Date.numeric


-- Column specification --------------------------------------------------------
cols(
  .default = col_double(),
  size_preference = col_logical(),
  flake_preference = col_logical(),
  strict_selection = col_logical()
)
i Use `spec()` for the full column specifications.

Warning: 1658850 parsing failures.
 row                col expected             actual                                                                file
3002 size               a double size               '/scratch/ec3307/recycling-Java/output/joined_sensitivity-data.csv'
3002 start_year         a double start_year         '/scratch/ec3307/recycling-Java/output/joined_sensitivity-data.csv'
3002 timestep           a double timestep           '/scratch/ec3307/recycling-Java/output/joined_sensitivity-data.csv'
3002 max_use_intensity  a double max_use_intensity  '/scratch/ec3307/recycling-Java/output/joined_sensitivity-data.csv'
3002 max_artifact_carry a double max_artifact_carry '/scratch/ec3307/recycling-Java/output/joined_sensitivity-data.csv'
.... .................. ........ .................. ...................................................................
See problems(...) for more details.


z test of coefficients:

                            Estimate  Std. Error   z value  Pr(>|z|)    
(Intercept)              -1.5137e+00  6.8119e-04 -2222.075 < 2.2e-16 ***
model_year               -3.4956e-06  8.4652e-10 -4129.348 < 2.2e-16 ***
max_use_intensity         1.0363e-02  9.6907e-06  1069.351 < 2.2e-16 ***
max_artifact_carry       -1.1839e-02  1.4532e-05  -814.672 < 2.2e-16 ***
max_flake_size            9.9102e-02  1.4530e-04   682.040 < 2.2e-16 ***
max_nodules_size         -7.7350e-03  1.4529e-05  -532.396 < 2.2e-16 ***
scavenge_prob             8.7623e-01  3.5693e-04  2454.953 < 2.2e-16 ***
overlap                   6.9655e-01  9.8960e-05  7038.726 < 2.2e-16 ***
mu                       -7.4896e-02  8.8990e-05  -841.622 < 2.2e-16 ***
size_preferenceTRUE      -3.2682e-01  1.4569e-04 -2243.231 < 2.2e-16 ***
flake_preferenceTRUE      4.0977e-01  1.4594e-04  2807.804 < 2.2e-16 ***
min_suitable_flake_size  -1.1886e-01  1.4532e-04  -817.932 < 2.2e-16 ***
min_suitable_nodule_size  2.7012e-03  2.9053e-05    92.975 < 2.2e-16 ***
strict_selectionTRUE     -1.2290e+00  1.5161e-04 -8106.338 < 2.2e-16 ***
(phi)                     6.0462e+00  7.9626e-04  7593.274 < 2.2e-16 ***
---
Signif. codes:  0 '***' 0.001 '**' 0.01 '*' 0.05 '.' 0.1 ' ' 1

Likelihood ratio test

Model 1: s.total.RI ~ model_year + max_use_intensity + max_artifact_carry + 
    max_flake_size + max_nodules_size + scavenge_prob + overlap + 
    mu + size_preference + flake_preference + min_suitable_flake_size + 
    min_suitable_nodule_size + strict_selection
Model 2: s.total.RI ~ model_year + max_use_intensity + max_artifact_carry + 
    max_flake_size + max_nodules_size + blank_prob + scavenge_prob + 
    overlap + mu + size_preference + flake_preference + min_suitable_flake_size + 
    min_suitable_nodule_size + strict_selection
  #Df    LogLik Df   Chisq Pr(>Chisq)    
1  15 415580174                          
2  16 417584811  1 4009273  < 2.2e-16 ***
---
Signif. codes:  0 '***' 0.001 '**' 0.01 '*' 0.05 '.' 0.1 ' ' 1
